# JRE version: Java(TM) SE Runtime Environment (24.0.2+12) (build 24.0.2+12-54)
# Java VM: Java HotSpot(TM) 64-Bit Server VM (24.0.2+12-54, mixed mode, sharing, tiered, compressed oops, compressed class ptrs, g1 gc, windows-amd64)
GC Precious Log:
 CardTable entry size: 512
 Card Set container configuration: InlinePtr #cards 4 size 8 Array Of Cards #cards 16 size 48 Howl #buckets 8 coarsen threshold 3686 Howl Bitmap #cards 512 size 80 coarsen threshold 460 Card regions per heap region 1 cards per card region 4096
 CPUs: 12 total, 12 available
 Memory: 16068M
 Large Page Support: Disabled
 NUMA Support: Disabled
 Compressed Oops: Enabled (Zero based)
 Heap Region Size: 2M
 Heap Min Capacity: 8M
 Heap Initial Capacity: 252M
 Heap Max Capacity: 4018M
 Pre-touch: Disabled
 Parallel Workers: 10
 Concurrent Workers: 3
 Concurrent Refinement Workers: 10
 Periodic GC: Disabled
Heap:
 garbage-first heap   total reserved 4114432K, committed 79872K, used 36440K [0x0000000704e00000, 0x0000000800000000)
  region size 2048K, 7 young (14336K), 3 survivors (6144K)
 Metaspace       used 72449K, committed 73024K, reserved 1179648K
  class space    used 7815K, committed 8064K, reserved 1048576K
GC Heap History (20 events):
Event: 1.570 GC heap before
{Heap before GC invocations=0 (full 0):
 garbage-first heap   total reserved 4114432K, committed 260096K, used 48244K [0x0000000704e00000, 0x0000000800000000)
  region size 2048K, 24 young (49152K), 0 survivors (0K)
 Metaspace       used 12065K, committed 12352K, reserved 1114112K
  class space    used 1201K, committed 1344K, reserved 1048576K
}
Event: 1.578 GC heap after
{Heap after GC invocations=1 (full 0):
 garbage-first heap   total reserved 4114432K, committed 260096K, used 10014K [0x0000000704e00000, 0x0000000800000000)
  region size 2048K, 3 young (6144K), 3 survivors (6144K)
 Metaspace       used 12065K, committed 12352K, reserved 1114112K
  class space    used 1201K, committed 1344K, reserved 1048576K
}
Event: 2.456 GC heap before
{Heap before GC invocations=1 (full 0):
 garbage-first heap   total reserved 4114432K, committed 260096K, used 48926K [0x0000000704e00000, 0x0000000800000000)
  region size 2048K, 24 young (49152K), 3 survivors (6144K)
 Metaspace       used 21271K, committed 21504K, reserved 1114112K
  class space    used 2070K, committed 2176K, reserved 1048576K
}
Event: 2.466 GC heap after
{Heap after GC invocations=2 (full 0):
 garbage-first heap   total reserved 4114432K, committed 260096K, used 16010K [0x0000000704e00000, 0x0000000800000000)
  region size 2048K, 6 young (12288K), 6 survivors (12288K)
 Metaspace       used 21271K, committed 21504K, reserved 1114112K
  class space    used 2070K, committed 2176K, reserved 1048576K
}
Event: 3.893 GC heap before
{Heap before GC invocations=3 (full 0):
 garbage-first heap   total reserved 4114432K, committed 61440K, used 59018K [0x0000000704e00000, 0x0000000800000000)
  region size 2048K, 27 young (55296K), 6 survivors (12288K)
 Metaspace       used 28637K, committed 28992K, reserved 1114112K
  class space    used 2937K, committed 3072K, reserved 1048576K
}
Event: 3.912 GC heap after
{Heap after GC invocations=4 (full 0):
 garbage-first heap   total reserved 4114432K, committed 79872K, used 20546K [0x0000000704e00000, 0x0000000800000000)
  region size 2048K, 5 young (10240K), 5 survivors (10240K)
 Metaspace       used 28637K, committed 28992K, reserved 1114112K
  class space    used 2937K, committed 3072K, reserved 1048576K
}
Event: 4.885 GC heap before
{Heap before GC invocations=4 (full 0):
 garbage-first heap   total reserved 4114432K, committed 79872K, used 53314K [0x0000000704e00000, 0x0000000800000000)
  region size 2048K, 21 young (43008K), 5 survivors (10240K)
 Metaspace       used 35668K, committed 36096K, reserved 1114112K
  class space    used 3818K, committed 3968K, reserved 1048576K
}
Event: 4.897 GC heap after
{Heap after GC invocations=5 (full 0):
 garbage-first heap   total reserved 4114432K, committed 79872K, used 22873K [0x0000000704e00000, 0x0000000800000000)
  region size 2048K, 2 young (4096K), 2 survivors (4096K)
 Metaspace       used 35668K, committed 36096K, reserved 1114112K
  class space    used 3818K, committed 3968K, reserved 1048576K
}
Event: 4.899 GC heap before
{Heap before GC invocations=5 (full 0):
 garbage-first heap   total reserved 4114432K, committed 79872K, used 22873K [0x0000000704e00000, 0x0000000800000000)
  region size 2048K, 3 young (6144K), 2 survivors (4096K)
 Metaspace       used 35688K, committed 36096K, reserved 1114112K
  class space    used 3820K, committed 3968K, reserved 1048576K
}
Event: 4.903 GC heap after
{Heap after GC invocations=6 (full 0):
 garbage-first heap   total reserved 4114432K, committed 79872K, used 22276K [0x0000000704e00000, 0x0000000800000000)
  region size 2048K, 2 young (4096K), 2 survivors (4096K)
 Metaspace       used 35688K, committed 36096K, reserved 1114112K
  class space    used 3820K, committed 3968K, reserved 1048576K
}
Event: 6.287 GC heap before
{Heap before GC invocations=7 (full 0):
 garbage-first heap   total reserved 4114432K, committed 79872K, used 57092K [0x0000000704e00000, 0x0000000800000000)
  region size 2048K, 20 young (40960K), 2 survivors (4096K)
 Metaspace       used 49141K, committed 49600K, reserved 1114112K
  class space    used 5229K, committed 5440K, reserved 1048576K
}
Event: 6.297 GC heap after
{Heap after GC invocations=8 (full 0):
 garbage-first heap   total reserved 4114432K, committed 79872K, used 25893K [0x0000000704e00000, 0x0000000800000000)
  region size 2048K, 3 young (6144K), 3 survivors (6144K)
 Metaspace       used 49141K, committed 49600K, reserved 1114112K
  class space    used 5229K, committed 5440K, reserved 1048576K
}
Event: 7.061 GC heap before
{Heap before GC invocations=8 (full 0):
 garbage-first heap   total reserved 4114432K, committed 79872K, used 56613K [0x0000000704e00000, 0x0000000800000000)
  region size 2048K, 20 young (40960K), 3 survivors (6144K)
 Metaspace       used 59907K, committed 60288K, reserved 1114112K
  class space    used 6411K, committed 6592K, reserved 1048576K
}
Event: 7.070 GC heap after
{Heap after GC invocations=9 (full 0):
 garbage-first heap   total reserved 4114432K, committed 79872K, used 27469K [0x0000000704e00000, 0x0000000800000000)
  region size 2048K, 1 young (2048K), 1 survivors (2048K)
 Metaspace       used 59907K, committed 60288K, reserved 1114112K
  class space    used 6411K, committed 6592K, reserved 1048576K
}
Event: 7.091 GC heap before
{Heap before GC invocations=9 (full 0):
 garbage-first heap   total reserved 4114432K, committed 79872K, used 27469K [0x0000000704e00000, 0x0000000800000000)
  region size 2048K, 2 young (4096K), 1 survivors (2048K)
 Metaspace       used 60202K, committed 60608K, reserved 1114112K
  class space    used 6451K, committed 6656K, reserved 1048576K
}
Event: 7.094 GC heap after
{Heap after GC invocations=10 (full 0):
 garbage-first heap   total reserved 4114432K, committed 79872K, used 27360K [0x0000000704e00000, 0x0000000800000000)
  region size 2048K, 1 young (2048K), 1 survivors (2048K)
 Metaspace       used 60202K, committed 60608K, reserved 1114112K
  class space    used 6451K, committed 6656K, reserved 1048576K
}
Event: 7.955 GC heap before
{Heap before GC invocations=11 (full 0):
 garbage-first heap   total reserved 4114432K, committed 79872K, used 64224K [0x0000000704e00000, 0x0000000800000000)
  region size 2048K, 20 young (40960K), 1 survivors (2048K)
 Metaspace       used 66287K, committed 66816K, reserved 1114112K
  class space    used 7186K, committed 7424K, reserved 1048576K
}
Event: 7.961 GC heap after
{Heap after GC invocations=12 (full 0):
 garbage-first heap   total reserved 4114432K, committed 79872K, used 30296K [0x0000000704e00000, 0x0000000800000000)
  region size 2048K, 3 young (6144K), 3 survivors (6144K)
 Metaspace       used 66287K, committed 66816K, reserved 1114112K
  class space    used 7186K, committed 7424K, reserved 1048576K
}
Event: 1767.483 GC heap before
{Heap before GC invocations=12 (full 0):
 garbage-first heap   total reserved 4114432K, committed 79872K, used 65112K [0x0000000704e00000, 0x0000000800000000)
  region size 2048K, 20 young (40960K), 3 survivors (6144K)
 Metaspace       used 72266K, committed 72832K, reserved 1114112K
  class space    used 7815K, committed 8064K, reserved 1048576K
}
Event: 1767.489 GC heap after
{Heap after GC invocations=13 (full 0):
 garbage-first heap   total reserved 4114432K, committed 79872K, used 32344K [0x0000000704e00000, 0x0000000800000000)
  region size 2048K, 3 young (6144K), 3 survivors (6144K)
 Metaspace       used 72266K, committed 72832K, reserved 1114112K
  class space    used 7815K, committed 8064K, reserved 1048576K
}

